{"Seq":1,"GUID":"58b8e226-93d3-4e1b-916a-76d045c1df77","Name":"Credit Check","Description":"Credit Check","StartTimeStamp":"2017-11-17T22:28:08.4410021Z","EndTimeStamp":"2017-11-17T22:28:19.1820761Z","CurrentRetryIteration":0,"Elapsed":10305,"Status":"Failed","Error":"Output Value validation failed for the Parameter 'typ:activityStatus' , Expected value is SUCCESS while Actual value is ''\r\nOutput Value validation failed for the Parameter 'typ:creditClass' , Expected value is Len(\"\") > 0 while Actual value is ''\r\n","ExInfo":"11/17/2017 4:28:18 PM - SoapUI 5.3.0 TestCase Runner\r\nConfiguring log4j from [C:\\Program Files (x86)\\SmartBear\\SoapUI-5.3.0\\bin\\soapui-log4j.xml]\r\n16:28:10,624 INFO  [DefaultSoapUICore] initialized soapui-settings from [C:\\Users\\uchou001\\soapui-settings.xml]\r\n16:28:12,921 INFO  [PluginManager] Adding plugin from [C:\\Users\\uchou001\\.soapuios\\plugins\\readyapi-postman-1.0.1.jar]\r\n16:28:12,921 INFO  [PluginManager] Adding plugin from [C:\\Users\\uchou001\\.soapuios\\plugins\\ready-mqtt-plugin-dist.jar]\r\nLoading HP QuickTest Professional Java Support (version 11.0.0.0) (SUN 1.7.0_55)\r\n16:28:13:345 : Can not load: com.mercury.ftjadin.qtsupport.amdocs.AmdocsSupport\r\n16:28:13:350 : java.lang.ClassNotFoundException: com.mercury.ftjadin.qtsupport.amdocs.AmdocsSupport\r\njava.lang.ClassNotFoundException: com.mercury.ftjadin.qtsupport.amdocs.AmdocsSupport\r\n\tat java.lang.ClassLoader.findClass(Unknown Source)\r\n\tat java.lang.ClassLoader.loadClass(Unknown Source)\r\n\tat com.mercury.javashared.agentloader.AgentClassLoaderJava2.loadClass(AgentClassLoaderJava2.java:113)\r\n\tat java.lang.ClassLoader.loadClass(Unknown Source)\r\n\tat java.lang.Class.forName0(Native Method)\r\n\tat java.lang.Class.forName(Unknown Source)\r\n\tat com.mercury.ftjadin.infra.DefaultCustomClassManager.loadToolkitSupport(DefaultCustomClassManager.java:218)\r\n\tat com.mercury.ftjadin.infra.DefaultCustomClassManager.loadToolkitSupport(DefaultCustomClassManager.java:243)\r\n\tat com.mercury.ftjadin.infra.DefaultCustomClassManager.initEnvironment(DefaultCustomClassManager.java:164)\r\n\tat com.mercury.ftjadin.infra.AgentManager.initEnvironment(AgentManager.java:357)\r\n\tat com.mercury.ftjadin.Main.init(Main.java:37)\r\n\tat com.mercury.ftjadin.agents.quicktest.QTBootstrap.<init>(QTBootstrap.java:17)\r\n\tat sun.reflect.NativeConstructorAccessorImpl.newInstance0(Native Method)\r\n\tat sun.reflect.NativeConstructorAccessorImpl.newInstance(Unknown Source)\r\n\tat sun.reflect.DelegatingConstructorAccessorImpl.newInstance(Unknown Source)\r\n\tat java.lang.reflect.Constructor.newInstance(Unknown Source)\r\n\tat com.mercury.javashared.agentloader.AgentBootstrap.startAgent(AgentBootstrap.java:59)\r\n\tat java.awt.Toolkit.getDefaultToolkit(Unknown Source)\r\n\tat javax.swing.ImageIcon.<init>(Unknown Source)\r\n\tat javax.swing.ImageIcon.<init>(Unknown Source)\r\n\tat com.eviware.soapui.support.UISupport.createImageIcon(UISupport.java:436)\r\n\tat com.eviware.soapui.support.UISupport.<clinit>(UISupport.java:145)\r\n\tat com.eviware.soapui.plugins.PluginManager.doInstallPlugin(PluginManager.java:139)\r\n\tat com.eviware.soapui.plugins.PluginManager.access$600(PluginManager.java:43)\r\n\tat com.eviware.soapui.plugins.PluginManager$LoadPluginsTask.computeSequentially(PluginManager.java:420)\r\n\tat com.eviware.soapui.plugins.PluginManager$LoadPluginsTask.compute(PluginManager.java:377)\r\n\tat com.eviware.soapui.plugins.PluginManager$LoadPluginsTask.compute(PluginManager.java:382)\r\n\tat com.eviware.soapui.plugins.PluginManager$LoadPluginsTask.compute(PluginManager.java:365)\r\n\tat java.util.concurrent.RecursiveTask.exec(Unknown Source)\r\n\tat java.util.concurrent.ForkJoinTask.doExec(Unknown Source)\r\n\tat java.util.concurrent.ForkJoinWorkerThread.execTask(Unknown Source)\r\n\tat java.util.concurrent.ForkJoinPool.scan(Unknown Source)\r\n\tat java.util.concurrent.ForkJoinPool.work(Unknown Source)\r\n\tat java.util.concurrent.ForkJoinWorkerThread.run(Unknown Source)\r\n16:28:13:352 : Failed to initialize toolkit support class for toolkit AmdocsSupport\r\n16:28:14,224 ERROR [SoapUI] An error occurred [com.eviware.soapui.plugins.auto.factories.AutoDiscoveryMethodFactory], see error log for details\r\n16:28:14,225 ERROR [SoapUI] An error occurred [com.eviware.soapui.plugins.auto.factories.AutoDiscoveryMethodFactory], see error log for details\r\n16:28:14,245 ERROR [SoapUI] An error occurred [com.eviware.soapui.plugins.auto.factories.AutoImportMethodFactory], see error log for details\r\n16:28:14,261 ERROR [SoapUI] An error occurred [com.eviware.soapui.plugins.auto.factories.AutoImportMethodFactory], see error log for details\r\n16:28:14,277 INFO  [PluginManager] Adding plugin from [C:\\Users\\uchou001\\.soapuios\\plugins\\soapui-swagger-plugin-2.2-dist.jar]\r\n16:28:14,290 INFO  [PluginManager] Adding plugin from [C:\\Users\\uchou001\\.soapuios\\plugins\\ready-uxm-plugin-1.0.1-dist.jar]\r\n16:28:15,061 ERROR [SoapUI] An error occurred [com.eviware.soapui.plugins.auto.factories.AutoDiscoveryMethodFactory], see error log for details\r\n16:28:15,064 ERROR [SoapUI] An error occurred [com.eviware.soapui.plugins.auto.factories.AutoImportMethodFactory], see error log for details\r\n16:28:15,121 ERROR [SoapUI] An error occurred [com.eviware.soapui.plugins.auto.factories.AutoDiscoveryMethodFactory], see error log for details\r\n16:28:15,130 ERROR [SoapUI] An error occurred [com.eviware.soapui.plugins.auto.factories.AutoImportMethodFactory], see error log for details\r\n16:28:15,140 INFO  [PluginManager] Adding plugin from [C:\\Users\\uchou001\\.soapuios\\plugins\\readyapi-swaggerhub-plugin-1.0.jar]\r\n16:28:15,630 ERROR [SoapUI] An error occurred [com.eviware.soapui.plugins.auto.factories.AutoDiscoveryMethodFactory], see error log for details\r\n16:28:15,633 ERROR [SoapUI] An error occurred [com.eviware.soapui.plugins.auto.factories.AutoImportMethodFactory], see error log for details\r\n16:28:15,662 INFO  [PluginManager] 5 plugins loaded in 2741 ms\r\n16:28:15,662 INFO  [DefaultSoapUICore] All plugins loaded\r\n16:28:16,824 INFO  [WsdlProject] Loaded project from [file:/C:/Users/uchou001/AppData/Local/Temp/GingerTemp/fileForCommand.xml]\r\n16:28:16,868 INFO  [SoapUITestCaseRunner] Running SoapUI tests in project [AUTO_SANITY]\r\n16:28:16,868 INFO  [SoapUITestCaseRunner] Running TestCase [CreditCheck]\r\n16:28:16,881 INFO  [SoapUITestCaseRunner] Running SoapUI testcase [CreditCheck]\r\n16:28:16,917 INFO  [SoapUITestCaseRunner] running step [getCreditInfo - CreditCheck]\r\n16:28:17,771 DEBUG [HttpClientSupport$SoapUIHttpClient] Attempt 1 to execute request\r\n16:28:17,771 DEBUG [SoapUIMultiThreadedHttpConnectionManager$SoapUIDefaultClientConnection] Sending request: POST /enterprise/credit/creditevaluation/v2_0 HTTP/1.1\r\n16:28:17,837 DEBUG [SoapUIMultiThreadedHttpConnectionManager$SoapUIDefaultClientConnection] Receiving response: HTTP/1.1 500 Internal Server Error\r\n16:28:17,856 DEBUG [SoapUIMultiThreadedHttpConnectionManager$SoapUIDefaultClientConnection] Connection shut down\r\n16:28:17,997 INFO  [SoapUITestCaseRunner] Assertion [SOAP Response] has status VALID\r\n16:28:18,019 INFO  [SoapUITestCaseRunner] Finished running SoapUI testcase [CreditCheck], time taken: 1060ms, status: FINISHED\r\n16:28:18,019 INFO  [SoapUITestCaseRunner] TestCase [CreditCheck] finished with status [FINISHED] in 1060ms\r\n\r\nSoapUI 5.3.0 TestCaseRunner Summary\r\n-----------------------------\r\nTime Taken: 1151ms\r\nTotal TestSuites: 0\r\nTotal TestCases: 1 (0 failed)\r\nTotal TestSteps: 1\r\nTotal Request Assertions: 1\r\nTotal Failed Assertions: 0\r\nTotal Exported Results: 1\r\n16:28:18,021 WARN  [Tools] Could not delete temporary directory C:\\Users\\uchou001\\AppData\\Local\\Temp\\5f2ab5df-cf7e-4a17-8fe2-f7d46d9e913c\r\n16:28:18,026 WARN  [Tools] Could not delete temporary directory C:\\Users\\uchou001\\AppData\\Local\\Temp\\fdc38648-d8c6-4b13-a0df-03c9d364517a\r\nDEBUG - Releasing all waiters. There are 0 waiters active.\r\n0 [JVM Exit listener] DEBUG java_agent.replay_events  - Releasing all waiters. There are 0 waiters active.\r\nPress any key to continue . . . \r\n\r\nAction unknown/Not Impl in Driver - GingerCore.Drivers.WebServicesDriverLib.WebServicesDriver","InputValues":["UIrelated_:_False_:_False","ImportFile_:_False_:_False","IgnoreValidation_:_True_:_True","TestCasePropertiesRequiered_:_True_:_True","PropertiesOrPlaceHolders_:_PlaceHolders_:_PlaceHolders","AddXMLResponse_:_True_:_True","TestCasePropertiesRequieredControlEnabled_:_True_:_True","XMLFile_:_~\\DOCUMENTS\\INPUT_XMLS\\API_AUTO_SANITY.XML_:_~\\DOCUMENTS\\INPUT_XMLS\\API_AUTO_SANITY.XML","TestSuite_:_Create_Customer_:_Create_Customer","TestCase_:_CreditCheck_:_CreditCheck","EndPoint_:__:_","HostPort_:__:_","Username_:__:_","Password_:__:_","Domain_:__:_","PasswordWSSType_:__:_"],"OutputValues":["typ:activityStatus_:__:_SUCCESS_:_Failed","typ:creditClass_:__:_Len(\"\") > 0_:_Failed"," getCreditInfo - CreditCheck-Response_:_<env:Envelope xmlns:env=http://schemas.xmlsoap.org/soap/envelope/>\r\n   <env:Body>\r\n      <env:Fault>\r\n         <faultcode>env:DataPower</faultcode>\r\n         <faultstring>DataPower Error Message: https://10.180.180.132:1303/enterprise/credit/creditevaluation/v2_0: cvc-simple-type 1: element {http://services.uscellular.com/schema/enterprise/credit/creditevaluation/v2_0/messages}customerId of type {http://services.uscellular.com/schema/enterprise/common/v2_0/types}CustomerIdType may not be empty</faultstring>\r\n         <detail>\r\n            <transactionInfo>\r\n               <transaction_id>2057677845</transaction_id>\r\n               <transaction-client>10.180.240.201</transaction-client>\r\n               <URL-in>https://10.180.180.132:1303/enterprise/credit/creditevaluation/v2_0</URL-in>\r\n               <processor-name>wsp_IN_3</processor-name>\r\n               <processor-type>Web Service Proxy</processor-type>\r\n            </transactionInfo>\r\n            <errorInfo>\r\n               <error-code>0x00230001</error-code>\r\n               <error-headers>HTTP/1.1 500 Internal Server Error\nContent-Type: text/xml\nX-Backside-Transport: FAIL FAIL\nConnection: close</error-headers>\r\n               <error-message>https://10.180.180.132:1303/enterprise/credit/creditevaluation/v2_0: cvc-simple-type 1: element {http://services.uscellular.com/schema/enterprise/credit/creditevaluation/v2_0/messages}customerId of type {http://services.uscellular.com/schema/enterprise/common/v2_0/types}CustomerIdType may not be empty</error-message>\r\n               <error-protocol_reason_phrase/>\r\n               <error-protocol-response>0</error-protocol-response>\r\n               <error-subcode>0x01d30003</error-subcode>\r\n            </errorInfo>\r\n         </detail>\r\n      </env:Fault>\r\n   </env:Body>\r\n</env:Envelope>\r\n_:__:_NA","typ:creditApplicationNo_:__:__:_NA","typ:numOfLinesApprovedToAdd_:__:__:_NA","typ:decisionStatus_:__:__:_NA","typ:responseTimestamp_:__:__:_NA"],"FlowControls":["\"{ActionStatus}\" = \"Failed\"_:_\"Failed\" = \"Failed\" is True_:_GoToAction_:_Executed_Action","\"{ActionStatus}\" = \"Passed\"_:__:_GoToAction_:_Pending"],"ScreenShots":[]}